{"/Users/erictokatlian/Dev/divvy/web-homework/webapp/src/components/TxTable/TxTable/TxTable.js": {"path":"/Users/erictokatlian/Dev/divvy/web-homework/webapp/src/components/TxTable/TxTable/TxTable.js","statementMap":{"0":{"start":{"line":18,"column":24},"end":{"line":22,"column":1}},"1":{"start":{"line":19,"column":2},"end":{"line":19,"column":25}},"2":{"start":{"line":24,"column":25},"end":{"line":27,"column":1}},"3":{"start":{"line":25,"column":2},"end":{"line":25,"column":26}},"4":{"start":{"line":29,"column":29},"end":{"line":33,"column":1}},"5":{"start":{"line":30,"column":2},"end":{"line":30,"column":30}},"6":{"start":{"line":35,"column":16},"end":{"line":73,"column":1}},"7":{"start":{"line":36,"column":18},"end":{"line":36,"column":30}},"8":{"start":{"line":38,"column":39},"end":{"line":40,"column":3}},"9":{"start":{"line":39,"column":4},"end":{"line":39,"column":40}},"10":{"start":{"line":42,"column":2},"end":{"line":72,"column":3}},"11":{"start":{"line":62,"column":14},"end":{"line":64,"column":15}},"12":{"start":{"line":75,"column":0},"end":{"line":85,"column":1}}},"fnMap":{"0":{"name":"(anonymous_0)","decl":{"start":{"line":18,"column":31},"end":{"line":18,"column":32}},"loc":{"start":{"line":19,"column":2},"end":{"line":19,"column":25}},"line":19},"1":{"name":"(anonymous_1)","decl":{"start":{"line":24,"column":32},"end":{"line":24,"column":33}},"loc":{"start":{"line":25,"column":2},"end":{"line":25,"column":26}},"line":25},"2":{"name":"(anonymous_2)","decl":{"start":{"line":29,"column":36},"end":{"line":29,"column":37}},"loc":{"start":{"line":30,"column":2},"end":{"line":30,"column":30}},"line":30},"3":{"name":"(anonymous_3)","decl":{"start":{"line":35,"column":16},"end":{"line":35,"column":17}},"loc":{"start":{"line":35,"column":42},"end":{"line":73,"column":1}},"line":35},"4":{"name":"(anonymous_4)","decl":{"start":{"line":38,"column":39},"end":{"line":38,"column":40}},"loc":{"start":{"line":38,"column":45},"end":{"line":40,"column":3}},"line":38},"5":{"name":"(anonymous_5)","decl":{"start":{"line":61,"column":33},"end":{"line":61,"column":34}},"loc":{"start":{"line":61,"column":46},"end":{"line":65,"column":13}},"line":61}},"branchMap":{},"s":{"0":1,"1":1,"2":1,"3":4,"4":1,"5":1,"6":1,"7":1,"8":1,"9":0,"10":1,"11":2,"12":1},"f":{"0":1,"1":4,"2":1,"3":1,"4":0,"5":2},"b":{},"_coverageSchema":"43e27e138ebf9cfc5966b082cf9a028302ed4184","hash":"65ff41150e9e463638833d4d61cb902d175e5e81"}
,"/Users/erictokatlian/Dev/divvy/web-homework/webapp/src/components/TxTable/TxTableMenu/TxTableMenu.js": {"path":"/Users/erictokatlian/Dev/divvy/web-homework/webapp/src/components/TxTable/TxTableMenu/TxTableMenu.js","statementMap":{"0":{"start":{"line":17,"column":26},"end":{"line":19,"column":1}},"1":{"start":{"line":21,"column":24},"end":{"line":26,"column":1}},"2":{"start":{"line":22,"column":2},"end":{"line":22,"column":21}},"3":{"start":{"line":28,"column":20},"end":{"line":126,"column":1}},"4":{"start":{"line":29,"column":18},"end":{"line":29,"column":30}},"5":{"start":{"line":30,"column":34},"end":{"line":30,"column":55}},"6":{"start":{"line":31,"column":20},"end":{"line":31,"column":38}},"7":{"start":{"line":33,"column":42},"end":{"line":33,"column":73}},"8":{"start":{"line":35,"column":23},"end":{"line":37,"column":3}},"9":{"start":{"line":36,"column":4},"end":{"line":36,"column":40}},"10":{"start":{"line":36,"column":30},"end":{"line":36,"column":39}},"11":{"start":{"line":39,"column":22},"end":{"line":45,"column":3}},"12":{"start":{"line":40,"column":4},"end":{"line":42,"column":5}},"13":{"start":{"line":41,"column":6},"end":{"line":41,"column":12}},"14":{"start":{"line":44,"column":4},"end":{"line":44,"column":22}},"15":{"start":{"line":47,"column":26},"end":{"line":50,"column":3}},"16":{"start":{"line":48,"column":4},"end":{"line":48,"column":55}},"17":{"start":{"line":49,"column":4},"end":{"line":49,"column":18}},"18":{"start":{"line":52,"column":23},"end":{"line":77,"column":3}},"19":{"start":{"line":53,"column":22},"end":{"line":53,"column":89}},"20":{"start":{"line":55,"column":4},"end":{"line":74,"column":5}},"21":{"start":{"line":56,"column":18},"end":{"line":60,"column":8}},"22":{"start":{"line":62,"column":20},"end":{"line":62,"column":65}},"23":{"start":{"line":64,"column":45},"end":{"line":66,"column":8}},"24":{"start":{"line":65,"column":8},"end":{"line":65,"column":65}},"25":{"start":{"line":68,"column":6},"end":{"line":73,"column":8}},"26":{"start":{"line":76,"column":4},"end":{"line":76,"column":27}},"27":{"start":{"line":80,"column":4},"end":{"line":83,"column":5}},"28":{"start":{"line":81,"column":6},"end":{"line":81,"column":28}},"29":{"start":{"line":82,"column":6},"end":{"line":82,"column":24}},"30":{"start":{"line":85,"column":19},"end":{"line":85,"column":41}},"31":{"start":{"line":87,"column":2},"end":{"line":93,"column":16}},"32":{"start":{"line":88,"column":4},"end":{"line":90,"column":5}},"33":{"start":{"line":89,"column":6},"end":{"line":89,"column":31}},"34":{"start":{"line":92,"column":4},"end":{"line":92,"column":31}},"35":{"start":{"line":95,"column":2},"end":{"line":125,"column":3}},"36":{"start":{"line":108,"column":12},"end":{"line":120,"column":19}},"37":{"start":{"line":115,"column":46},"end":{"line":115,"column":64}},"38":{"start":{"line":128,"column":0},"end":{"line":130,"column":1}}},"fnMap":{"0":{"name":"(anonymous_0)","decl":{"start":{"line":21,"column":31},"end":{"line":21,"column":32}},"loc":{"start":{"line":22,"column":2},"end":{"line":22,"column":21}},"line":22},"1":{"name":"(anonymous_1)","decl":{"start":{"line":28,"column":20},"end":{"line":28,"column":21}},"loc":{"start":{"line":28,"column":43},"end":{"line":126,"column":1}},"line":28},"2":{"name":"(anonymous_2)","decl":{"start":{"line":35,"column":23},"end":{"line":35,"column":24}},"loc":{"start":{"line":35,"column":29},"end":{"line":37,"column":3}},"line":35},"3":{"name":"(anonymous_3)","decl":{"start":{"line":36,"column":16},"end":{"line":36,"column":17}},"loc":{"start":{"line":36,"column":30},"end":{"line":36,"column":39}},"line":36},"4":{"name":"(anonymous_4)","decl":{"start":{"line":39,"column":22},"end":{"line":39,"column":23}},"loc":{"start":{"line":39,"column":33},"end":{"line":45,"column":3}},"line":39},"5":{"name":"(anonymous_5)","decl":{"start":{"line":47,"column":26},"end":{"line":47,"column":27}},"loc":{"start":{"line":47,"column":33},"end":{"line":50,"column":3}},"line":47},"6":{"name":"(anonymous_6)","decl":{"start":{"line":52,"column":23},"end":{"line":52,"column":24}},"loc":{"start":{"line":52,"column":35},"end":{"line":77,"column":3}},"line":52},"7":{"name":"(anonymous_7)","decl":{"start":{"line":64,"column":71},"end":{"line":64,"column":72}},"loc":{"start":{"line":64,"column":88},"end":{"line":66,"column":7}},"line":64},"8":{"name":"handleListKeyDown","decl":{"start":{"line":79,"column":11},"end":{"line":79,"column":28}},"loc":{"start":{"line":79,"column":37},"end":{"line":84,"column":3}},"line":79},"9":{"name":"(anonymous_9)","decl":{"start":{"line":87,"column":18},"end":{"line":87,"column":19}},"loc":{"start":{"line":87,"column":24},"end":{"line":93,"column":3}},"line":87},"10":{"name":"(anonymous_10)","decl":{"start":{"line":107,"column":11},"end":{"line":107,"column":12}},"loc":{"start":{"line":108,"column":12},"end":{"line":120,"column":19}},"line":108},"11":{"name":"(anonymous_11)","decl":{"start":{"line":115,"column":39},"end":{"line":115,"column":40}},"loc":{"start":{"line":115,"column":46},"end":{"line":115,"column":64}},"line":115}},"branchMap":{"0":{"loc":{"start":{"line":40,"column":4},"end":{"line":42,"column":5}},"type":"if","locations":[{"start":{"line":40,"column":4},"end":{"line":42,"column":5}},{"start":{"line":40,"column":4},"end":{"line":42,"column":5}}],"line":40},"1":{"loc":{"start":{"line":40,"column":8},"end":{"line":40,"column":69}},"type":"binary-expr","locations":[{"start":{"line":40,"column":8},"end":{"line":40,"column":25}},{"start":{"line":40,"column":29},"end":{"line":40,"column":69}}],"line":40},"2":{"loc":{"start":{"line":55,"column":4},"end":{"line":74,"column":5}},"type":"if","locations":[{"start":{"line":55,"column":4},"end":{"line":74,"column":5}},{"start":{"line":55,"column":4},"end":{"line":74,"column":5}}],"line":55},"3":{"loc":{"start":{"line":80,"column":4},"end":{"line":83,"column":5}},"type":"if","locations":[{"start":{"line":80,"column":4},"end":{"line":83,"column":5}},{"start":{"line":80,"column":4},"end":{"line":83,"column":5}}],"line":80},"4":{"loc":{"start":{"line":88,"column":4},"end":{"line":90,"column":5}},"type":"if","locations":[{"start":{"line":88,"column":4},"end":{"line":90,"column":5}},{"start":{"line":88,"column":4},"end":{"line":90,"column":5}}],"line":88},"5":{"loc":{"start":{"line":88,"column":8},"end":{"line":88,"column":55}},"type":"binary-expr","locations":[{"start":{"line":88,"column":8},"end":{"line":88,"column":33}},{"start":{"line":88,"column":37},"end":{"line":88,"column":55}}],"line":88},"6":{"loc":{"start":{"line":99,"column":25},"end":{"line":99,"column":64}},"type":"cond-expr","locations":[{"start":{"line":99,"column":36},"end":{"line":99,"column":52}},{"start":{"line":99,"column":55},"end":{"line":99,"column":64}}],"line":99},"7":{"loc":{"start":{"line":110,"column":40},"end":{"line":110,"column":95}},"type":"cond-expr","locations":[{"start":{"line":110,"column":65},"end":{"line":110,"column":77}},{"start":{"line":110,"column":80},"end":{"line":110,"column":95}}],"line":110}},"s":{"0":2,"1":2,"2":0,"3":2,"4":3,"5":3,"6":3,"7":3,"8":3,"9":0,"10":0,"11":3,"12":0,"13":0,"14":0,"15":3,"16":0,"17":0,"18":3,"19":0,"20":0,"21":0,"22":0,"23":0,"24":0,"25":0,"26":0,"27":0,"28":0,"29":0,"30":3,"31":3,"32":3,"33":0,"34":3,"35":3,"36":0,"37":0,"38":2},"f":{"0":0,"1":3,"2":0,"3":0,"4":0,"5":0,"6":0,"7":0,"8":0,"9":3,"10":0,"11":0},"b":{"0":[0,0],"1":[0,0],"2":[0,0],"3":[0,0],"4":[0,3],"5":[3,0],"6":[0,3],"7":[0,0]},"_coverageSchema":"43e27e138ebf9cfc5966b082cf9a028302ed4184","hash":"afa16d08dc60173bd4eabcd6e553864e8706953e"}
,"/Users/erictokatlian/Dev/divvy/web-homework/webapp/src/components/TxTable/TxTableMenu/index.js": {"path":"/Users/erictokatlian/Dev/divvy/web-homework/webapp/src/components/TxTable/TxTableMenu/index.js","statementMap":{},"fnMap":{},"branchMap":{},"s":{},"f":{},"b":{},"_coverageSchema":"43e27e138ebf9cfc5966b082cf9a028302ed4184","hash":"f98a4f18c3a2768dcb2a8a5ba6d9c303a3503f87"}
,"/Users/erictokatlian/Dev/divvy/web-homework/webapp/src/components/TxTable/TxTableRow/TxTableRow.js": {"path":"/Users/erictokatlian/Dev/divvy/web-homework/webapp/src/components/TxTable/TxTableRow/TxTableRow.js","statementMap":{"0":{"start":{"line":18,"column":23},"end":{"line":18,"column":96}},"1":{"start":{"line":18,"column":53},"end":{"line":18,"column":96}},"2":{"start":{"line":20,"column":19},"end":{"line":73,"column":1}},"3":{"start":{"line":21,"column":26},"end":{"line":21,"column":47}},"4":{"start":{"line":22,"column":22},"end":{"line":22,"column":54}},"5":{"start":{"line":24,"column":43},"end":{"line":31,"column":3}},"6":{"start":{"line":25,"column":4},"end":{"line":30,"column":5}},"7":{"start":{"line":26,"column":20},"end":{"line":26,"column":67}},"8":{"start":{"line":27,"column":6},"end":{"line":27,"column":36}},"9":{"start":{"line":29,"column":6},"end":{"line":29,"column":50}},"10":{"start":{"line":33,"column":2},"end":{"line":72,"column":3}},"11":{"start":{"line":37,"column":61},"end":{"line":37,"column":75}},"12":{"start":{"line":75,"column":0},"end":{"line":83,"column":1}}},"fnMap":{"0":{"name":"(anonymous_0)","decl":{"start":{"line":18,"column":23},"end":{"line":18,"column":24}},"loc":{"start":{"line":18,"column":53},"end":{"line":18,"column":96}},"line":18},"1":{"name":"(anonymous_1)","decl":{"start":{"line":20,"column":19},"end":{"line":20,"column":20}},"loc":{"start":{"line":20,"column":40},"end":{"line":73,"column":1}},"line":20},"2":{"name":"(anonymous_2)","decl":{"start":{"line":24,"column":43},"end":{"line":24,"column":44}},"loc":{"start":{"line":24,"column":49},"end":{"line":31,"column":3}},"line":24},"3":{"name":"(anonymous_3)","decl":{"start":{"line":37,"column":55},"end":{"line":37,"column":56}},"loc":{"start":{"line":37,"column":61},"end":{"line":37,"column":75}},"line":37}},"branchMap":{"0":{"loc":{"start":{"line":25,"column":4},"end":{"line":30,"column":5}},"type":"if","locations":[{"start":{"line":25,"column":4},"end":{"line":30,"column":5}},{"start":{"line":25,"column":4},"end":{"line":30,"column":5}}],"line":25},"1":{"loc":{"start":{"line":38,"column":13},"end":{"line":38,"column":117}},"type":"cond-expr","locations":[{"start":{"line":38,"column":20},"end":{"line":38,"column":65}},{"start":{"line":38,"column":68},"end":{"line":38,"column":117}}],"line":38},"2":{"loc":{"start":{"line":42,"column":96},"end":{"line":42,"column":134}},"type":"cond-expr","locations":[{"start":{"line":42,"column":116},"end":{"line":42,"column":123}},{"start":{"line":42,"column":126},"end":{"line":42,"column":134}}],"line":42}},"s":{"0":2,"1":12,"2":2,"3":3,"4":3,"5":3,"6":3,"7":1,"8":1,"9":2,"10":3,"11":0,"12":2},"f":{"0":12,"1":3,"2":3,"3":0},"b":{"0":[1,2],"1":[0,3],"2":[1,2]},"_coverageSchema":"43e27e138ebf9cfc5966b082cf9a028302ed4184","hash":"25801b5f53d258523bb49eb3010d3d7be78dcab0"}
,"/Users/erictokatlian/Dev/divvy/web-homework/webapp/src/components/TxTable/TxTableRow/index.js": {"path":"/Users/erictokatlian/Dev/divvy/web-homework/webapp/src/components/TxTable/TxTableRow/index.js","statementMap":{},"fnMap":{},"branchMap":{},"s":{},"f":{},"b":{},"_coverageSchema":"43e27e138ebf9cfc5966b082cf9a028302ed4184","hash":"79ba6345320253754fbf768ad92ada920edd233a"}
,"/Users/erictokatlian/Dev/divvy/web-homework/webapp/src/constants/index.js": {"path":"/Users/erictokatlian/Dev/divvy/web-homework/webapp/src/constants/index.js","statementMap":{"0":{"start":{"line":1,"column":35},"end":{"line":1,"column":43}},"1":{"start":{"line":2,"column":34},"end":{"line":2,"column":41}},"2":{"start":{"line":4,"column":38},"end":{"line":4,"column":53}},"3":{"start":{"line":6,"column":40},"end":{"line":6,"column":49}},"4":{"start":{"line":7,"column":45},"end":{"line":7,"column":67}},"5":{"start":{"line":9,"column":38},"end":{"line":9,"column":45}},"6":{"start":{"line":11,"column":46},"end":{"line":11,"column":69}}},"fnMap":{},"branchMap":{},"s":{"0":2,"1":2,"2":2,"3":2,"4":2,"5":2,"6":2},"f":{},"b":{},"_coverageSchema":"43e27e138ebf9cfc5966b082cf9a028302ed4184","hash":"e3c82d84081c4e637e727b28bc374a71b2a6d77b"}
,"/Users/erictokatlian/Dev/divvy/web-homework/webapp/src/context/romanNumeralsContext.js": {"path":"/Users/erictokatlian/Dev/divvy/web-homework/webapp/src/context/romanNumeralsContext.js","statementMap":{"0":{"start":{"line":7,"column":29},"end":{"line":7,"column":44}},"1":{"start":{"line":8,"column":21},"end":{"line":8,"column":41}},"2":{"start":{"line":10,"column":30},"end":{"line":21,"column":1}},"3":{"start":{"line":11,"column":23},"end":{"line":11,"column":36}},"4":{"start":{"line":12,"column":32},"end":{"line":12,"column":47}},"5":{"start":{"line":14,"column":26},"end":{"line":14,"column":114}},"6":{"start":{"line":16,"column":2},"end":{"line":20,"column":3}},"7":{"start":{"line":23,"column":0},"end":{"line":25,"column":1}}},"fnMap":{"0":{"name":"(anonymous_0)","decl":{"start":{"line":10,"column":30},"end":{"line":10,"column":31}},"loc":{"start":{"line":10,"column":48},"end":{"line":21,"column":1}},"line":10}},"branchMap":{"0":{"loc":{"start":{"line":14,"column":26},"end":{"line":14,"column":114}},"type":"binary-expr","locations":[{"start":{"line":14,"column":26},"end":{"line":14,"column":69}},{"start":{"line":14,"column":73},"end":{"line":14,"column":114}}],"line":14}},"s":{"0":2,"1":2,"2":2,"3":0,"4":0,"5":0,"6":0,"7":2},"f":{"0":0},"b":{"0":[0,0]},"_coverageSchema":"43e27e138ebf9cfc5966b082cf9a028302ed4184","hash":"bc0105578b3a55dfdfede96b848efd6ae5c96fed"}
,"/Users/erictokatlian/Dev/divvy/web-homework/webapp/src/gql/queries.js": {"path":"/Users/erictokatlian/Dev/divvy/web-homework/webapp/src/gql/queries.js","statementMap":{"0":{"start":{"line":3,"column":32},"end":{"line":14,"column":1}},"1":{"start":{"line":16,"column":34},"end":{"line":36,"column":1}},"2":{"start":{"line":38,"column":31},"end":{"line":48,"column":1}},"3":{"start":{"line":50,"column":32},"end":{"line":72,"column":1}},"4":{"start":{"line":74,"column":34},"end":{"line":84,"column":1}}},"fnMap":{},"branchMap":{},"s":{"0":2,"1":2,"2":2,"3":2,"4":2},"f":{},"b":{},"_coverageSchema":"43e27e138ebf9cfc5966b082cf9a028302ed4184","hash":"f50016301572dd815d5e4e05b8df8d659441fce2"}
,"/Users/erictokatlian/Dev/divvy/web-homework/webapp/src/network/apollo-client.js": {"path":"/Users/erictokatlian/Dev/divvy/web-homework/webapp/src/network/apollo-client.js","statementMap":{"0":{"start":{"line":5,"column":19},"end":{"line":5,"column":50}},"1":{"start":{"line":7,"column":16},"end":{"line":10,"column":1}},"2":{"start":{"line":8,"column":16},"end":{"line":8,"column":18}},"3":{"start":{"line":9,"column":2},"end":{"line":9,"column":35}},"4":{"start":{"line":12,"column":20},"end":{"line":31,"column":1}},"5":{"start":{"line":14,"column":4},"end":{"line":30,"column":6}},"6":{"start":{"line":16,"column":6},"end":{"line":25,"column":45}},"7":{"start":{"line":17,"column":27},"end":{"line":17,"column":45}},"8":{"start":{"line":19,"column":10},"end":{"line":23,"column":12}},"9":{"start":{"line":27,"column":6},"end":{"line":29,"column":7}},"10":{"start":{"line":28,"column":8},"end":{"line":28,"column":40}},"11":{"start":{"line":28,"column":20},"end":{"line":28,"column":40}},"12":{"start":{"line":33,"column":22},"end":{"line":54,"column":2}},"13":{"start":{"line":36,"column":6},"end":{"line":38,"column":7}},"14":{"start":{"line":37,"column":8},"end":{"line":37,"column":49}},"15":{"start":{"line":39,"column":6},"end":{"line":41,"column":7}},"16":{"start":{"line":40,"column":8},"end":{"line":40,"column":52}},"17":{"start":{"line":56,"column":0},"end":{"line":56,"column":33}}},"fnMap":{"0":{"name":"(anonymous_0)","decl":{"start":{"line":7,"column":16},"end":{"line":7,"column":17}},"loc":{"start":{"line":7,"column":35},"end":{"line":10,"column":1}},"line":7},"1":{"name":"(anonymous_1)","decl":{"start":{"line":13,"column":2},"end":{"line":13,"column":3}},"loc":{"start":{"line":14,"column":4},"end":{"line":30,"column":6}},"line":14},"2":{"name":"(anonymous_2)","decl":{"start":{"line":14,"column":19},"end":{"line":14,"column":20}},"loc":{"start":{"line":14,"column":31},"end":{"line":30,"column":5}},"line":14},"3":{"name":"(anonymous_3)","decl":{"start":{"line":17,"column":14},"end":{"line":17,"column":15}},"loc":{"start":{"line":17,"column":27},"end":{"line":17,"column":45}},"line":17},"4":{"name":"(anonymous_4)","decl":{"start":{"line":18,"column":14},"end":{"line":18,"column":15}},"loc":{"start":{"line":18,"column":20},"end":{"line":24,"column":9}},"line":18},"5":{"name":"(anonymous_5)","decl":{"start":{"line":27,"column":13},"end":{"line":27,"column":14}},"loc":{"start":{"line":27,"column":19},"end":{"line":29,"column":7}},"line":27},"6":{"name":"(anonymous_6)","decl":{"start":{"line":35,"column":12},"end":{"line":35,"column":13}},"loc":{"start":{"line":35,"column":49},"end":{"line":42,"column":5}},"line":35}},"branchMap":{"0":{"loc":{"start":{"line":28,"column":8},"end":{"line":28,"column":40}},"type":"if","locations":[{"start":{"line":28,"column":8},"end":{"line":28,"column":40}},{"start":{"line":28,"column":8},"end":{"line":28,"column":40}}],"line":28},"1":{"loc":{"start":{"line":36,"column":6},"end":{"line":38,"column":7}},"type":"if","locations":[{"start":{"line":36,"column":6},"end":{"line":38,"column":7}},{"start":{"line":36,"column":6},"end":{"line":38,"column":7}}],"line":36},"2":{"loc":{"start":{"line":39,"column":6},"end":{"line":41,"column":7}},"type":"if","locations":[{"start":{"line":39,"column":6},"end":{"line":41,"column":7}},{"start":{"line":39,"column":6},"end":{"line":41,"column":7}}],"line":39}},"s":{"0":2,"1":2,"2":0,"3":0,"4":2,"5":0,"6":0,"7":0,"8":0,"9":0,"10":0,"11":0,"12":2,"13":0,"14":0,"15":0,"16":0,"17":2},"f":{"0":0,"1":0,"2":0,"3":0,"4":0,"5":0,"6":0},"b":{"0":[0,0],"1":[0,0],"2":[0,0]},"_coverageSchema":"43e27e138ebf9cfc5966b082cf9a028302ed4184","hash":"4e2f5cc29530b0fb8baf04627ad045783dda3b5a"}
,"/Users/erictokatlian/Dev/divvy/web-homework/webapp/src/utils/numbers.js": {"path":"/Users/erictokatlian/Dev/divvy/web-homework/webapp/src/utils/numbers.js","statementMap":{"0":{"start":{"line":1,"column":30},"end":{"line":24,"column":1}},"1":{"start":{"line":2,"column":14},"end":{"line":14,"column":10}},"2":{"start":{"line":16,"column":15},"end":{"line":16,"column":17}},"3":{"start":{"line":18,"column":2},"end":{"line":21,"column":4}},"4":{"start":{"line":19,"column":4},"end":{"line":19,"column":48}},"5":{"start":{"line":20,"column":4},"end":{"line":20,"column":12}},"6":{"start":{"line":23,"column":2},"end":{"line":23,"column":15}}},"fnMap":{"0":{"name":"(anonymous_0)","decl":{"start":{"line":1,"column":30},"end":{"line":1,"column":31}},"loc":{"start":{"line":1,"column":39},"end":{"line":24,"column":1}},"line":1},"1":{"name":"(anonymous_1)","decl":{"start":{"line":18,"column":30},"end":{"line":18,"column":31}},"loc":{"start":{"line":18,"column":47},"end":{"line":21,"column":3}},"line":18}},"branchMap":{},"s":{"0":2,"1":1,"2":1,"3":1,"4":13,"5":13,"6":1},"f":{"0":1,"1":13},"b":{},"_coverageSchema":"43e27e138ebf9cfc5966b082cf9a028302ed4184","hash":"ef23b995f0e255d2d29cbc3d335a7c9ddedc98c7"}
}
