TN:
SF:/Users/erictokatlian/Dev/divvy/web-homework/webapp/src/components/TxTable/TxTable/TxTable.js
FN:18,(anonymous_0)
FN:24,(anonymous_1)
FN:29,(anonymous_2)
FN:35,(anonymous_3)
FN:38,(anonymous_4)
FN:61,(anonymous_5)
FNF:6
FNH:5
FNDA:1,(anonymous_0)
FNDA:4,(anonymous_1)
FNDA:1,(anonymous_2)
FNDA:1,(anonymous_3)
FNDA:0,(anonymous_4)
FNDA:2,(anonymous_5)
DA:18,1
DA:19,1
DA:24,1
DA:25,4
DA:29,1
DA:30,1
DA:35,1
DA:36,1
DA:38,1
DA:39,0
DA:42,1
DA:62,2
DA:75,1
LF:13
LH:12
BRF:0
BRH:0
end_of_record
TN:
SF:/Users/erictokatlian/Dev/divvy/web-homework/webapp/src/components/TxTable/TxTableMenu/TxTableMenu.js
FN:21,(anonymous_0)
FN:28,(anonymous_1)
FN:35,(anonymous_2)
FN:36,(anonymous_3)
FN:39,(anonymous_4)
FN:47,(anonymous_5)
FN:52,(anonymous_6)
FN:64,(anonymous_7)
FN:79,handleListKeyDown
FN:87,(anonymous_9)
FN:107,(anonymous_10)
FN:115,(anonymous_11)
FNF:12
FNH:2
FNDA:0,(anonymous_0)
FNDA:3,(anonymous_1)
FNDA:0,(anonymous_2)
FNDA:0,(anonymous_3)
FNDA:0,(anonymous_4)
FNDA:0,(anonymous_5)
FNDA:0,(anonymous_6)
FNDA:0,(anonymous_7)
FNDA:0,handleListKeyDown
FNDA:3,(anonymous_9)
FNDA:0,(anonymous_10)
FNDA:0,(anonymous_11)
DA:17,2
DA:21,2
DA:22,0
DA:28,2
DA:29,3
DA:30,3
DA:31,3
DA:33,3
DA:35,3
DA:36,0
DA:39,3
DA:40,0
DA:41,0
DA:44,0
DA:47,3
DA:48,0
DA:49,0
DA:52,3
DA:53,0
DA:55,0
DA:56,0
DA:62,0
DA:64,0
DA:65,0
DA:68,0
DA:76,0
DA:80,0
DA:81,0
DA:82,0
DA:85,3
DA:87,3
DA:88,3
DA:89,0
DA:92,3
DA:95,3
DA:108,0
DA:115,0
DA:128,2
LF:38
LH:17
BRDA:40,0,0,0
BRDA:40,0,1,0
BRDA:40,1,0,0
BRDA:40,1,1,0
BRDA:55,2,0,0
BRDA:55,2,1,0
BRDA:80,3,0,0
BRDA:80,3,1,0
BRDA:88,4,0,0
BRDA:88,4,1,3
BRDA:88,5,0,3
BRDA:88,5,1,0
BRDA:99,6,0,0
BRDA:99,6,1,3
BRDA:110,7,0,0
BRDA:110,7,1,0
BRF:16
BRH:3
end_of_record
TN:
SF:/Users/erictokatlian/Dev/divvy/web-homework/webapp/src/components/TxTable/TxTableMenu/index.js
FNF:0
FNH:0
LF:0
LH:0
BRF:0
BRH:0
end_of_record
TN:
SF:/Users/erictokatlian/Dev/divvy/web-homework/webapp/src/components/TxTable/TxTableRow/TxTableRow.js
FN:18,(anonymous_0)
FN:20,(anonymous_1)
FN:24,(anonymous_2)
FN:37,(anonymous_3)
FNF:4
FNH:3
FNDA:12,(anonymous_0)
FNDA:3,(anonymous_1)
FNDA:3,(anonymous_2)
FNDA:0,(anonymous_3)
DA:18,12
DA:20,2
DA:21,3
DA:22,3
DA:24,3
DA:25,3
DA:26,1
DA:27,1
DA:29,2
DA:33,3
DA:37,0
DA:75,2
LF:12
LH:11
BRDA:25,0,0,1
BRDA:25,0,1,2
BRDA:38,1,0,0
BRDA:38,1,1,3
BRDA:42,2,0,1
BRDA:42,2,1,2
BRF:6
BRH:5
end_of_record
TN:
SF:/Users/erictokatlian/Dev/divvy/web-homework/webapp/src/components/TxTable/TxTableRow/index.js
FNF:0
FNH:0
LF:0
LH:0
BRF:0
BRH:0
end_of_record
TN:
SF:/Users/erictokatlian/Dev/divvy/web-homework/webapp/src/constants/index.js
FNF:0
FNH:0
DA:1,2
DA:2,2
DA:4,2
DA:6,2
DA:7,2
DA:9,2
DA:11,2
LF:7
LH:7
BRF:0
BRH:0
end_of_record
TN:
SF:/Users/erictokatlian/Dev/divvy/web-homework/webapp/src/context/romanNumeralsContext.js
FN:10,(anonymous_0)
FNF:1
FNH:0
FNDA:0,(anonymous_0)
DA:7,2
DA:8,2
DA:10,2
DA:11,0
DA:12,0
DA:14,0
DA:16,0
DA:23,2
LF:8
LH:4
BRDA:14,0,0,0
BRDA:14,0,1,0
BRF:2
BRH:0
end_of_record
TN:
SF:/Users/erictokatlian/Dev/divvy/web-homework/webapp/src/gql/queries.js
FNF:0
FNH:0
DA:3,2
DA:16,2
DA:38,2
DA:50,2
DA:74,2
LF:5
LH:5
BRF:0
BRH:0
end_of_record
TN:
SF:/Users/erictokatlian/Dev/divvy/web-homework/webapp/src/network/apollo-client.js
FN:7,(anonymous_0)
FN:13,(anonymous_1)
FN:14,(anonymous_2)
FN:17,(anonymous_3)
FN:18,(anonymous_4)
FN:27,(anonymous_5)
FN:35,(anonymous_6)
FNF:7
FNH:0
FNDA:0,(anonymous_0)
FNDA:0,(anonymous_1)
FNDA:0,(anonymous_2)
FNDA:0,(anonymous_3)
FNDA:0,(anonymous_4)
FNDA:0,(anonymous_5)
FNDA:0,(anonymous_6)
DA:5,2
DA:7,2
DA:8,0
DA:9,0
DA:12,2
DA:14,0
DA:16,0
DA:17,0
DA:19,0
DA:27,0
DA:28,0
DA:33,2
DA:36,0
DA:37,0
DA:39,0
DA:40,0
DA:56,2
LF:17
LH:5
BRDA:28,0,0,0
BRDA:28,0,1,0
BRDA:36,1,0,0
BRDA:36,1,1,0
BRDA:39,2,0,0
BRDA:39,2,1,0
BRF:6
BRH:0
end_of_record
TN:
SF:/Users/erictokatlian/Dev/divvy/web-homework/webapp/src/utils/numbers.js
FN:1,(anonymous_0)
FN:18,(anonymous_1)
FNF:2
FNH:2
FNDA:1,(anonymous_0)
FNDA:13,(anonymous_1)
DA:1,2
DA:2,1
DA:16,1
DA:18,1
DA:19,13
DA:20,13
DA:23,1
LF:7
LH:7
BRF:0
BRH:0
end_of_record
